<?xml version="1.0" encoding="UTF-8"?>
<!-- Generated by org.testng.reporters.JUnitReportReporter -->
<testsuite hostname="win2019" failures="0" tests="1" name="com.browsercom.TestBrowserCommands" time="12.730" errors="0" timestamp="2024-08-20T02:09:23 PDT" skipped="0">
  <testcase classname="com.browsercom.TestBrowserCommands" name="BroswerCommandTest" time="12.730"/>
  <system-out/>
</testsuite> <!-- com.browsercom.TestBrowserCommands -->
